 Consume Time£º470 ms 2020-06-10 22:34:24
 Execute SQL£ºSELECT COUNT( 1 ) FROM file

 Consume Time£º76 ms 2020-06-10 22:34:53
 Execute SQL£ºSELECT COUNT( 1 ) FROM file

 Consume Timeï¼š82 ms 2020-06-17 19:09:05
 Execute SQLï¼šSELECT COUNT(1) FROM beneficiary

 Consume Timeï¼š69 ms 2020-06-17 19:09:14
 Execute SQLï¼šSELECT COUNT(1) FROM elsepubinfo

 Consume Timeï¼š67 ms 2020-06-17 19:09:14
 Execute SQLï¼šSELECT id,title,url,format,created,modified,is_public,theme FROM elsepubinfo LIMIT 0,5

 Consume Timeï¼š67 ms 2020-06-17 19:11:08
 Execute SQLï¼šSELECT COUNT(1) FROM elsepubinfo

 Consume Timeï¼š67 ms 2020-06-17 19:11:08
 Execute SQLï¼šSELECT id,title,url,format,created,modified,is_public,theme FROM elsepubinfo LIMIT 0,5

 Consume Timeï¼š67 ms 2020-06-17 19:11:24
 Execute SQLï¼šSELECT COUNT(1) FROM elsepubinfo

 Consume Timeï¼š67 ms 2020-06-17 19:11:24
 Execute SQLï¼šSELECT id,title,url,format,created,modified,is_public,theme FROM elsepubinfo LIMIT 5,5

 Consume Timeï¼š67 ms 2020-06-17 19:11:41
 Execute SQLï¼šSELECT id,title,url,format,created,modified,is_public,theme FROM elsepubinfo WHERE id=3 

 Consume Timeï¼š87 ms 2020-06-17 19:18:44
 Execute SQLï¼šSELECT COUNT(1) FROM beneficiary

 Consume Timeï¼š66 ms 2020-06-17 19:18:44
 Execute SQLï¼šSELECT id,title,url,format,created,modified,is_public FROM beneficiary LIMIT 0,5

 Consume Time£º73 ms 2020-06-17 19:23:44
 Execute SQL£ºSELECT COUNT( 1 ) FROM file

 Consume Timeï¼š72 ms 2020-06-19 12:42:29
 Execute SQLï¼šSELECT COUNT(1) FROM yearlyreport

 Consume Timeï¼š64 ms 2020-06-19 12:42:29
 Execute SQLï¼šSELECT id,title,url,format,created,modified,is_public FROM yearlyreport LIMIT 0,5

 Consume Timeï¼š63 ms 2020-06-19 12:42:35
 Execute SQLï¼šSELECT id,title,url,format,created,modified,is_public FROM yearlyreport WHERE id=1 

 Consume Timeï¼š63 ms 2020-06-19 12:44:14
 Execute SQLï¼šSELECT id,title,url,format,created,modified,is_public FROM yearlyreport WHERE id=1 

 Consume Timeï¼š75 ms 2020-06-19 12:44:49
 Execute SQLï¼šSELECT id,title,url,format,created,modified,is_public FROM yearlyreport WHERE id=1 

 Consume Timeï¼š63 ms 2020-06-19 12:44:53
 Execute SQLï¼šSELECT id,title,url,format,created,modified,is_public FROM yearlyreport WHERE id=2 

 Consume Timeï¼š63 ms 2020-06-19 12:44:53
 Execute SQLï¼šSELECT id,title,url,format,created,modified,is_public FROM yearlyreport WHERE id=2 

 Consume Timeï¼š64 ms 2020-06-19 12:44:59
 Execute SQLï¼šSELECT id,title,url,format,created,modified,is_public FROM yearlyreport WHERE id=1 

 Consume Timeï¼š64 ms 2020-06-19 12:45:12
 Execute SQLï¼šSELECT COUNT(1) FROM donationlist

 Consume Timeï¼š64 ms 2020-06-19 12:45:13
 Execute SQLï¼šSELECT id,title,url,format,created,modified,is_public FROM donationlist LIMIT 0,5

 Consume Timeï¼š64 ms 2020-06-19 12:45:32
 Execute SQLï¼šSELECT COUNT(1) FROM yearlyreport

 Consume Timeï¼š64 ms 2020-06-19 12:45:33
 Execute SQLï¼šSELECT id,title,url,format,created,modified,is_public FROM yearlyreport LIMIT 0,5

 Consume Timeï¼š63 ms 2020-06-19 12:45:38
 Execute SQLï¼šSELECT COUNT(1) FROM beneficiary

 Consume Timeï¼š63 ms 2020-06-19 12:45:39
 Execute SQLï¼šSELECT id,title,url,format,created,modified,is_public FROM beneficiary LIMIT 0,5

 Consume Timeï¼š98 ms 2020-06-20 16:52:39
 Execute SQLï¼šSELECT COUNT(1) FROM yearlyreport

 Consume Timeï¼š71 ms 2020-06-20 16:52:39
 Execute SQLï¼šSELECT id,title,url,format,created,modified,is_public FROM yearlyreport LIMIT 0,5

 Consume Timeï¼š71 ms 2020-06-20 16:52:51
 Execute SQLï¼šSELECT id,title,url,format,created,modified,is_public FROM yearlyreport WHERE id=1 

 Consume Timeï¼š71 ms 2020-06-20 16:53:03
 Execute SQLï¼šSELECT COUNT(1) FROM elsepubinfo

 Consume Timeï¼š72 ms 2020-06-20 16:53:03
 Execute SQLï¼šSELECT id,title,url,format,created,modified,is_public,theme FROM elsepubinfo LIMIT 0,5

 Consume Timeï¼š72 ms 2020-06-20 16:54:21
 Execute SQLï¼šSELECT id,title,url,format,created,modified,is_public,theme FROM elsepubinfo WHERE id=6 

 Consume Timeï¼š154 ms 2020-06-23 20:20:53
 Execute SQLï¼šSELECT COUNT(1) FROM donationinfo WHERE (amount IS NULL AND address IS NULL AND created IS NULL AND project IS NULL AND donator IS NULL AND message IS NULL AND isLady IS NULL AND isSchoolfellow IS NULL AND contact IS NULL AND isPublic IS NULL AND modified IS NULL AND id IS NULL AND clazz IS NULL AND projectid = 2233)

 Consume Timeï¼š108 ms 2020-06-23 20:46:49
 Execute SQLï¼šSELECT COUNT(1) FROM donationinfo WHERE (amount IS NULL AND address IS NULL AND is_schoolfellow IS NULL AND created IS NULL AND is_lady IS NULL AND project IS NULL AND donator IS NULL AND message IS NULL AND contact IS NULL AND is_public IS NULL AND modified IS NULL AND id IS NULL AND clazz IS NULL AND projectid = 2233)

 Consume Timeï¼š111 ms 2020-06-23 21:03:56
 Execute SQLï¼šSELECT id,cover,title,author,reader,origin,hits,content,created,modified,is_recommend FROM alumnimien WHERE id=1 

 Consume Timeï¼š78 ms 2020-06-23 21:04:01
 Execute SQLï¼šSELECT id,cover,title,author,reader,origin,hits,content,created,modified,is_recommend FROM alumnimien WHERE id=1 

 Consume Timeï¼š69 ms 2020-06-23 21:04:07
 Execute SQLï¼šSELECT COUNT(1) FROM alumnimien

 Consume Timeï¼š100 ms 2020-06-23 21:04:07
 Execute SQLï¼šSELECT id,cover,title,author,reader,origin,hits,content,created,modified,is_recommend FROM alumnimien LIMIT 0,10

 Consume Timeï¼š156 ms 2020-06-23 21:07:05
 Execute SQLï¼šSELECT COUNT(1) FROM donationinfo WHERE (amount IS NULL AND address IS NULL AND is_schoolfellow IS NULL AND created IS NULL AND is_lady IS NULL AND project IS NULL AND donator IS NULL AND message IS NULL AND contact IS NULL AND is_public IS NULL AND modified IS NULL AND id = 1 AND clazz IS NULL AND projectid IS NULL)

 Consume Timeï¼š149 ms 2020-06-23 21:09:01
 Execute SQLï¼šSELECT COUNT(1) FROM donationinfo WHERE (amount IS NULL AND address IS NULL AND is_schoolfellow IS NULL AND created IS NULL AND is_lady IS NULL AND project IS NULL AND donator IS NULL AND message IS NULL AND contact IS NULL AND is_public IS NULL AND modified IS NULL AND id = 1 AND clazz IS NULL AND projectid IS NULL)

 Consume Timeï¼š161 ms 2020-06-23 21:11:07
 Execute SQLï¼šSELECT COUNT(1) FROM donationinfo WHERE (amount IS NULL AND address IS NULL AND is_schoolfellow IS NULL AND created IS NULL AND is_lady IS NULL AND project IS NULL AND donator IS NULL AND message IS NULL AND contact IS NULL AND is_public IS NULL AND modified IS NULL AND id = 1 AND clazz IS NULL AND projectid IS NULL)

 Consume Timeï¼š107 ms 2020-06-23 21:12:20
 Execute SQLï¼šSELECT COUNT(1) FROM donationinfo WHERE (id = 1)

 Consume Timeï¼š94 ms 2020-06-23 21:13:34
 Execute SQLï¼šSELECT COUNT(1) FROM alumnimien

 Consume Timeï¼š109 ms 2020-06-23 21:13:35
 Execute SQLï¼šSELECT id,cover,title,author,reader,origin,hits,content,created,modified,is_recommend FROM alumnimien LIMIT 0,10

